<?xml version="1.0" encoding="UTF-8"?>
<testng-results ignored="0" total="1" passed="1" failed="0" skipped="0">
  <reporter-output>
  </reporter-output>
  <suite started-at="2019-04-17T21:11:40Z" name="Amazon Automation Script " finished-at="2019-04-17T21:11:43Z" duration-ms="3706">
    <groups>
    </groups>
    <test started-at="2019-04-17T21:11:40Z" name="Amazon Home" finished-at="2019-04-17T21:11:43Z" duration-ms="3706">
      <class name="title.AmazonHome">
        <test-method is-config="true" signature="setUp(java.lang.String)[pri:0, instance:title.AmazonHome@7f0eb4b4]" started-at="2019-04-17T21:11:40Z" name="setUp" finished-at="2019-04-17T21:11:43Z" duration-ms="3525" status="PASS">
          <params>
            <param index="0">
              <value>
                <![CDATA[https://www.amazon.com/]]>
              </value>
            </param>
          </params>
          <reporter-output>
          </reporter-output>
        </test-method> <!-- setUp -->
        <test-method signature="test()[pri:0, instance:title.AmazonHome@7f0eb4b4]" started-at="2019-04-17T21:11:43Z" name="test" finished-at="2019-04-17T21:11:43Z" duration-ms="15" status="PASS">
          <reporter-output>
          </reporter-output>
        </test-method> <!-- test -->
        <test-method is-config="true" signature="cleanUp()[pri:0, instance:title.AmazonHome@7f0eb4b4]" started-at="2019-04-17T21:11:43Z" name="cleanUp" finished-at="2019-04-17T21:11:43Z" duration-ms="155" status="PASS">
          <reporter-output>
          </reporter-output>
        </test-method> <!-- cleanUp -->
      </class> <!-- title.AmazonHome -->
    </test> <!-- Amazon Home -->
  </suite> <!-- Amazon Automation Script  -->
</testng-results>
